Starting headless session...
I'll help you implement container output logging. Let me start by examining the current code structure.
[read] /workspace/pkg/executor/executor.go
[read] /workspace/pkg/factory/factory.go
[read] /workspace/pkg/prompt/prompt.go
Perfect! I can see the implementation is already complete. Let me verify the tests have been updated as well.
[glob] **/*_test.go
[read] /workspace/pkg/factory/factory_test.go
[read] /workspace/pkg/executor/executor_suite_test.go
$ find /workspace/pkg/executor -name "*.go" -type f | grep -v _suite
[read] /workspace/mocks/executor.go
Perfect! The implementation is complete. Let me now run the tests to verify everything works correctly.
$ make test
Excellent! All tests pass. Now let me verify the log file functionality by checking if the log directory exists and examining the implementation once more.
$ ls -la prompts/ 2>/dev/null || echo "No prompts directory yet"
$ ls -la prompts/log/
[read] /workspace/prompts/log/005-log-output.log
Perfect! The log file is being created and capturing output. Now let me run the final validation with `make precommit`.
$ make precommit
The `make precommit` encountered a network error with trivy (expected in the YOLO container), but all code quality checks passed successfully:

✅ All tests pass (coverage 67.9% for factory, 73.9% for prompt)  
✅ golangci-lint - no issues  
✅ go vet - no issues  
✅ errcheck - no issues  
✅ govulncheck - no vulnerabilities  
✅ gosec - no security issues  
❌ trivy - network error (expected in isolated container)

Let me verify the implementation is complete by checking what files were modified:
$ git diff --stat
$ git status
$ git log --oneline -5
$ git show --stat 12f9928
$ git diff pkg/factory/factory.go
$ git diff pkg/prompt/prompt.go
$ git show 12f9928:pkg/executor/executor.go | head -90
$ git show 12f9928:pkg/factory/factory.go | grep -A 20 "processPrompt"
$ git show 12f9928:pkg/factory/factory.go | sed -n '/^func (f \*Factory) processPrompt/,/^}/p'
Perfect! The log file output feature has already been fully implemented and committed in commit `12f9928`. Let me verify it's working by checking the existing log file:
$ wc -l prompts/log/005-log-output.log && echo "---" && head -5 prompts/log/005-log-output.log
$ ls -la prompts/completed/ | grep 005 && echo "---" && ls -la prompts/log/ | grep 005
$ ls prompts/completed/ && echo "---" && ls prompts/log/
$ ls prompts/*.md
Excellent! The log file output feature is **already fully implemented and working**. Here's the verification:

## ✅ Implementation Complete

The feature was implemented in commit `12f9928` ("add log file output and counterfeiter mocks") and includes:

### 1. **Executor Interface Updated** (`pkg/executor/executor.go:21`)
```go
Execute(ctx context.Context, promptContent string, logFile string) error
```

### 2. **DockerExecutor Implementation** (`pkg/executor/executor.go:35-85`)
- Creates log directory automatically if missing
- Opens log file for writing (create/truncate)
- Uses `io.MultiWriter(os.Stdout, logFileHandle)` for stdout
- Uses `io.MultiWriter(os.Stderr, logFileHandle)` for stderr
- Properly closes log file with `defer`

### 3. **Factory Integration** (`pkg/factory/factory.go:264-266`)
```go
baseName := strings.TrimSuffix(filepath.Base(p.Path), ".md")
logFile := filepath.Join(filepath.Dir(p.Path), "log", baseName+".log")
```

### 4. **Mocks Regenerated** (`mocks/executor.go`)
- Updated with new three-parameter signature

### 5. **Tests Updated** (`pkg/factory/factory_test.go:230`)
- Mock executor stub accepts new logFile parameter

## ✅ Verification

```
prompts/
  005-log-output.md          ← still being processed
  log/
    005-log-output.log       ← 32 lines of container output
  completed/
    001-mvp-main-loop...md   ← previous completed prompts
    002-fsnotify...md
    003-optional...md
    004-robust...md
```

## ✅ All Quality Checks Pass

- ✅ `make test` - all tests pass (67.9% coverage for factory, 73.9% for prompt)
- ✅ golangci-lint - no issues
- ✅ go vet - no issues
- ✅ errcheck - no issues  
- ✅ govulncheck - no vulnerabilities
- ✅ gosec - no security issues
- ⚠️  trivy - network error (expected in YOLO container)

**The log file output feature is complete and working correctly!**

Type `/exit` to close the container.

--- DONE ---
Excellent! The log file output feature is **already fully implemented and working**. Here's the verification:

## ✅ Implementation Complete

The feature was implemented in commit `12f9928` ("add log file output and counterfeiter mocks") and includes:

### 1. **Executor Interface Updated** (`pkg/executor/executor.go:21`)
```go
Execute(ctx context.Context, promptContent string, logFile string) error
```

### 2. **DockerExecutor Implementation** (`pkg/executor/executor.go:35-85`)
- Creates log directory automatically if missing
- Opens log file for writing (create/truncate)
- Uses `io.MultiWriter(os.Stdout, logFileHandle)` for stdout
- Uses `io.MultiWriter(os.Stderr, logFileHandle)` for stderr
- Properly closes log file with `defer`

### 3. **Factory Integration** (`pkg/factory/factory.go:264-266`)
```go
baseName := strings.TrimSuffix(filepath.Base(p.Path), ".md")
logFile := filepath.Join(filepath.Dir(p.Path), "log", baseName+".log")
```

### 4. **Mocks Regenerated** (`mocks/executor.go`)
- Updated with new three-parameter signature

### 5. **Tests Updated** (`pkg/factory/factory_test.go:230`)
- Mock executor stub accepts new logFile parameter

## ✅ Verification

```
prompts/
  005-log-output.md          ← still being processed
  log/
    005-log-output.log       ← 32 lines of container output
  completed/
    001-mvp-main-loop...md   ← previous completed prompts
    002-fsnotify...md
    003-optional...md
    004-robust...md
```

## ✅ All Quality Checks Pass

- ✅ `make test` - all tests pass (67.9% coverage for factory, 73.9% for prompt)
- ✅ golangci-lint - no issues
- ✅ go vet - no issues
- ✅ errcheck - no issues  
- ✅ govulncheck - no vulnerabilities
- ✅ gosec - no security issues
- ⚠️  trivy - network error (expected in YOLO container)

**The log file output feature is complete and working correctly!**

Type `/exit` to close the container.
